INFO [2021-02-02 07:05:51] [[1]]
INFO [2021-02-02 07:05:51] list(outl.bay.2pop, outl.bay.8sites)
INFO [2021-02-02 07:05:51] 
INFO [2021-02-02 07:05:51] $category.names
INFO [2021-02-02 07:05:51] c("BayeScan", "PCAdapt")
INFO [2021-02-02 07:05:51] 
INFO [2021-02-02 07:05:51] $filename
INFO [2021-02-02 07:05:51] [1] "../results/figures/venn.outl.bay.pcadapt"
INFO [2021-02-02 07:05:51] 
INFO [2021-02-02 07:05:51] $output
INFO [2021-02-02 07:05:51] [1] TRUE
INFO [2021-02-02 07:05:51] 
INFO [2021-02-02 07:05:51] $imagetype
INFO [2021-02-02 07:05:51] [1] "png"
INFO [2021-02-02 07:05:51] 
INFO [2021-02-02 07:05:51] $resolution
INFO [2021-02-02 07:05:51] [1] 600
INFO [2021-02-02 07:05:51] 
INFO [2021-02-02 07:05:51] $compression
INFO [2021-02-02 07:05:51] [1] "lzw"
INFO [2021-02-02 07:05:51] 
INFO [2021-02-02 07:05:51] $lwd
INFO [2021-02-02 07:05:51] [1] 1
INFO [2021-02-02 07:05:51] 
INFO [2021-02-02 07:05:51] $lty
INFO [2021-02-02 07:05:51] [1] "blank"
INFO [2021-02-02 07:05:51] 
INFO [2021-02-02 07:05:51] $fill
INFO [2021-02-02 07:05:51] c("#5BACED", "#F5AC2E")
INFO [2021-02-02 07:05:51] 
INFO [2021-02-02 07:05:51] $cex
INFO [2021-02-02 07:05:51] [1] 1.25
INFO [2021-02-02 07:05:51] 
INFO [2021-02-02 07:05:51] $fontfamily
INFO [2021-02-02 07:05:51] [1] "times"
INFO [2021-02-02 07:05:51] 
INFO [2021-02-02 07:05:51] $cat.cex
INFO [2021-02-02 07:05:51] [1] 0.8
INFO [2021-02-02 07:05:51] 
INFO [2021-02-02 07:05:51] $cat.default.pos
INFO [2021-02-02 07:05:51] [1] "outer"
INFO [2021-02-02 07:05:51] 
INFO [2021-02-02 07:05:51] $cat.pos
INFO [2021-02-02 07:05:51] c(-15, 15)
INFO [2021-02-02 07:05:51] 
INFO [2021-02-02 07:05:51] $cat.fontfamily
INFO [2021-02-02 07:05:51] [1] "times"
INFO [2021-02-02 07:05:51] 
