INFO [2021-02-02 07:32:48] [[1]]
INFO [2021-02-02 07:32:48] list(outl.snpstats.8sites, outl.bay.8sites, outl.pcadapt)
INFO [2021-02-02 07:32:48] 
INFO [2021-02-02 07:32:48] $category.names
INFO [2021-02-02 07:32:48] c("SnpStats", "Bayescan")
INFO [2021-02-02 07:32:48] 
INFO [2021-02-02 07:32:48] $filename
INFO [2021-02-02 07:32:48] [1] "../results/figures/venn.outl.snpstats.bay.pcadapt"
INFO [2021-02-02 07:32:48] 
INFO [2021-02-02 07:32:48] $output
INFO [2021-02-02 07:32:48] [1] TRUE
INFO [2021-02-02 07:32:48] 
INFO [2021-02-02 07:32:48] $imagetype
INFO [2021-02-02 07:32:48] [1] "png"
INFO [2021-02-02 07:32:48] 
INFO [2021-02-02 07:32:48] $resolution
INFO [2021-02-02 07:32:48] [1] 600
INFO [2021-02-02 07:32:48] 
INFO [2021-02-02 07:32:48] $compression
INFO [2021-02-02 07:32:48] [1] "lzw"
INFO [2021-02-02 07:32:48] 
INFO [2021-02-02 07:32:48] $lwd
INFO [2021-02-02 07:32:48] [1] 1
INFO [2021-02-02 07:32:48] 
INFO [2021-02-02 07:32:48] $lty
INFO [2021-02-02 07:32:48] [1] "blank"
INFO [2021-02-02 07:32:48] 
INFO [2021-02-02 07:32:48] $fill
INFO [2021-02-02 07:32:48] c("#5BACED", "#F5AC2E")
INFO [2021-02-02 07:32:48] 
INFO [2021-02-02 07:32:48] $cex
INFO [2021-02-02 07:32:48] [1] 1.25
INFO [2021-02-02 07:32:48] 
INFO [2021-02-02 07:32:48] $fontfamily
INFO [2021-02-02 07:32:48] [1] "times"
INFO [2021-02-02 07:32:48] 
INFO [2021-02-02 07:32:48] $cat.cex
INFO [2021-02-02 07:32:48] [1] 0.8
INFO [2021-02-02 07:32:48] 
INFO [2021-02-02 07:32:48] $cat.default.pos
INFO [2021-02-02 07:32:48] [1] "outer"
INFO [2021-02-02 07:32:48] 
INFO [2021-02-02 07:32:48] $cat.pos
INFO [2021-02-02 07:32:48] c(-15, 15)
INFO [2021-02-02 07:32:48] 
INFO [2021-02-02 07:32:48] $cat.fontfamily
INFO [2021-02-02 07:32:48] [1] "times"
INFO [2021-02-02 07:32:48] 
ERROR [2021-02-02 07:32:48] Unexpected parameter length for 'category'
