INFO [2021-02-02 07:52:02] $x
INFO [2021-02-02 07:52:02] list(outl.bay.8sites, outl.snpstats.8sites, outl.pcadapt)
INFO [2021-02-02 07:52:02] 
INFO [2021-02-02 07:52:02] $category.names
INFO [2021-02-02 07:52:02] c("Bayescan", "SnpStat", "PCAdapt")
INFO [2021-02-02 07:52:02] 
INFO [2021-02-02 07:52:02] $filename
INFO [2021-02-02 07:52:02] [1] "../results/figures/venn.outl.bay.snpstat.pcadapt.8sites"
INFO [2021-02-02 07:52:02] 
INFO [2021-02-02 07:52:02] $output
INFO [2021-02-02 07:52:02] [1] TRUE
INFO [2021-02-02 07:52:02] 
INFO [2021-02-02 07:52:02] $imagetype
INFO [2021-02-02 07:52:02] [1] "png"
INFO [2021-02-02 07:52:02] 
INFO [2021-02-02 07:52:02] $resolution
INFO [2021-02-02 07:52:02] [1] 600
INFO [2021-02-02 07:52:02] 
INFO [2021-02-02 07:52:02] $compression
INFO [2021-02-02 07:52:02] [1] "lzw"
INFO [2021-02-02 07:52:02] 
INFO [2021-02-02 07:52:02] $lwd
INFO [2021-02-02 07:52:02] [1] 1
INFO [2021-02-02 07:52:02] 
INFO [2021-02-02 07:52:02] $lty
INFO [2021-02-02 07:52:02] [1] "blank"
INFO [2021-02-02 07:52:02] 
INFO [2021-02-02 07:52:02] $fill
INFO [2021-02-02 07:52:02] c("red", "blue", "yellow")
INFO [2021-02-02 07:52:02] 
INFO [2021-02-02 07:52:02] $cex
INFO [2021-02-02 07:52:02] [1] 1.25
INFO [2021-02-02 07:52:02] 
INFO [2021-02-02 07:52:02] $fontfamily
INFO [2021-02-02 07:52:02] [1] "times"
INFO [2021-02-02 07:52:02] 
INFO [2021-02-02 07:52:02] $cat.cex
INFO [2021-02-02 07:52:02] [1] 0.8
INFO [2021-02-02 07:52:02] 
INFO [2021-02-02 07:52:02] $cat.default.pos
INFO [2021-02-02 07:52:02] [1] "outer"
INFO [2021-02-02 07:52:02] 
INFO [2021-02-02 07:52:02] $cat.pos
INFO [2021-02-02 07:52:02] c(-15, 15)
INFO [2021-02-02 07:52:02] 
INFO [2021-02-02 07:52:02] $cat.fontfamily
INFO [2021-02-02 07:52:02] [1] "times"
INFO [2021-02-02 07:52:02] 
ERROR [2021-02-02 07:52:02] Unexpected parameter length for 'cat.pos'
