INFO [2021-02-02 08:00:50] $x
INFO [2021-02-02 08:00:50] list(outl.bay.2pop, outl.bay.8sites, outl.snpstats.2pop, outl.snpstats.8sites, 
INFO [2021-02-02 08:00:50]     outl.pcadapt)
INFO [2021-02-02 08:00:50] 
INFO [2021-02-02 08:00:50] $category.names
INFO [2021-02-02 08:00:50] c("Bayescan2pop", "Bayescan8sites", "SnpStat2pop", "SnpStat8sites", 
INFO [2021-02-02 08:00:50]     "PCAdapt")
INFO [2021-02-02 08:00:50] 
INFO [2021-02-02 08:00:50] $filename
INFO [2021-02-02 08:00:50] [1] "../results/figures/venn.outl.bay.snpstat.pcadapt.2pop.8sites"
INFO [2021-02-02 08:00:50] 
INFO [2021-02-02 08:00:50] $output
INFO [2021-02-02 08:00:50] [1] TRUE
INFO [2021-02-02 08:00:50] 
INFO [2021-02-02 08:00:50] $imagetype
INFO [2021-02-02 08:00:50] [1] "png"
INFO [2021-02-02 08:00:50] 
INFO [2021-02-02 08:00:50] $resolution
INFO [2021-02-02 08:00:50] [1] 900
INFO [2021-02-02 08:00:50] 
INFO [2021-02-02 08:00:50] $compression
INFO [2021-02-02 08:00:50] [1] "lzw"
INFO [2021-02-02 08:00:50] 
INFO [2021-02-02 08:00:50] $lwd
INFO [2021-02-02 08:00:50] [1] 1
INFO [2021-02-02 08:00:50] 
INFO [2021-02-02 08:00:50] $lty
INFO [2021-02-02 08:00:50] [1] "blank"
INFO [2021-02-02 08:00:50] 
INFO [2021-02-02 08:00:50] $fill
INFO [2021-02-02 08:00:50] c("blue", "red", "yellow", "green", "pink")
INFO [2021-02-02 08:00:50] 
INFO [2021-02-02 08:00:50] $cex
INFO [2021-02-02 08:00:50] [1] 1.25
INFO [2021-02-02 08:00:50] 
INFO [2021-02-02 08:00:50] $fontfamily
INFO [2021-02-02 08:00:50] [1] "times"
INFO [2021-02-02 08:00:50] 
INFO [2021-02-02 08:00:50] $cat.cex
INFO [2021-02-02 08:00:50] [1] 0.8
INFO [2021-02-02 08:00:50] 
INFO [2021-02-02 08:00:50] $cat.default.pos
INFO [2021-02-02 08:00:50] [1] "outer"
INFO [2021-02-02 08:00:50] 
INFO [2021-02-02 08:00:50] $cat.fontfamily
INFO [2021-02-02 08:00:50] [1] "times"
INFO [2021-02-02 08:00:50] 
