INFO [2021-02-02 07:54:49] $x
INFO [2021-02-02 07:54:49] list(outl.bay.2pop, outl.snpstats.2pop, outl.pcadapt)
INFO [2021-02-02 07:54:49] 
INFO [2021-02-02 07:54:49] $category.names
INFO [2021-02-02 07:54:49] c("Bayescan", "SnpStat", "PCAdapt")
INFO [2021-02-02 07:54:49] 
INFO [2021-02-02 07:54:49] $filename
INFO [2021-02-02 07:54:49] [1] "../results/figures/venn.outl.bay.snpstat.pcadapt.2pop"
INFO [2021-02-02 07:54:49] 
INFO [2021-02-02 07:54:49] $output
INFO [2021-02-02 07:54:49] [1] TRUE
INFO [2021-02-02 07:54:49] 
INFO [2021-02-02 07:54:49] $imagetype
INFO [2021-02-02 07:54:49] [1] "png"
INFO [2021-02-02 07:54:49] 
INFO [2021-02-02 07:54:49] $resolution
INFO [2021-02-02 07:54:49] [1] 600
INFO [2021-02-02 07:54:49] 
INFO [2021-02-02 07:54:49] $compression
INFO [2021-02-02 07:54:49] [1] "lzw"
INFO [2021-02-02 07:54:49] 
INFO [2021-02-02 07:54:49] $lwd
INFO [2021-02-02 07:54:49] [1] 1
INFO [2021-02-02 07:54:49] 
INFO [2021-02-02 07:54:49] $lty
INFO [2021-02-02 07:54:49] [1] "blank"
INFO [2021-02-02 07:54:49] 
INFO [2021-02-02 07:54:49] $fill
INFO [2021-02-02 07:54:49] c("blue", "red", "yellow")
INFO [2021-02-02 07:54:49] 
INFO [2021-02-02 07:54:49] $cex
INFO [2021-02-02 07:54:49] [1] 1.25
INFO [2021-02-02 07:54:49] 
INFO [2021-02-02 07:54:49] $fontfamily
INFO [2021-02-02 07:54:49] [1] "times"
INFO [2021-02-02 07:54:49] 
INFO [2021-02-02 07:54:49] $cat.cex
INFO [2021-02-02 07:54:49] [1] 0.8
INFO [2021-02-02 07:54:49] 
INFO [2021-02-02 07:54:49] $cat.default.pos
INFO [2021-02-02 07:54:49] [1] "outer"
INFO [2021-02-02 07:54:49] 
INFO [2021-02-02 07:54:49] $cat.fontfamily
INFO [2021-02-02 07:54:49] [1] "times"
INFO [2021-02-02 07:54:49] 
