INFO [2021-02-02 07:06:21] [[1]]
INFO [2021-02-02 07:06:21] list(outl.pcadapt, outl.bay.8sites)
INFO [2021-02-02 07:06:21] 
INFO [2021-02-02 07:06:21] $category.names
INFO [2021-02-02 07:06:21] c("BayeScan", "PCAdapt")
INFO [2021-02-02 07:06:21] 
INFO [2021-02-02 07:06:21] $filename
INFO [2021-02-02 07:06:21] [1] "../results/figures/venn.outl.bay.pcadapt"
INFO [2021-02-02 07:06:21] 
INFO [2021-02-02 07:06:21] $output
INFO [2021-02-02 07:06:21] [1] TRUE
INFO [2021-02-02 07:06:21] 
INFO [2021-02-02 07:06:21] $imagetype
INFO [2021-02-02 07:06:21] [1] "png"
INFO [2021-02-02 07:06:21] 
INFO [2021-02-02 07:06:21] $resolution
INFO [2021-02-02 07:06:21] [1] 600
INFO [2021-02-02 07:06:21] 
INFO [2021-02-02 07:06:21] $compression
INFO [2021-02-02 07:06:21] [1] "lzw"
INFO [2021-02-02 07:06:21] 
INFO [2021-02-02 07:06:21] $lwd
INFO [2021-02-02 07:06:21] [1] 1
INFO [2021-02-02 07:06:21] 
INFO [2021-02-02 07:06:21] $lty
INFO [2021-02-02 07:06:21] [1] "blank"
INFO [2021-02-02 07:06:21] 
INFO [2021-02-02 07:06:21] $fill
INFO [2021-02-02 07:06:21] c("#5BACED", "#F5AC2E")
INFO [2021-02-02 07:06:21] 
INFO [2021-02-02 07:06:21] $cex
INFO [2021-02-02 07:06:21] [1] 1.25
INFO [2021-02-02 07:06:21] 
INFO [2021-02-02 07:06:21] $fontfamily
INFO [2021-02-02 07:06:21] [1] "times"
INFO [2021-02-02 07:06:21] 
INFO [2021-02-02 07:06:21] $cat.cex
INFO [2021-02-02 07:06:21] [1] 0.8
INFO [2021-02-02 07:06:21] 
INFO [2021-02-02 07:06:21] $cat.default.pos
INFO [2021-02-02 07:06:21] [1] "outer"
INFO [2021-02-02 07:06:21] 
INFO [2021-02-02 07:06:21] $cat.pos
INFO [2021-02-02 07:06:21] c(-15, 15)
INFO [2021-02-02 07:06:21] 
INFO [2021-02-02 07:06:21] $cat.fontfamily
INFO [2021-02-02 07:06:21] [1] "times"
INFO [2021-02-02 07:06:21] 
