INFO [2021-02-02 08:05:00] $x
INFO [2021-02-02 08:05:00] list(outl.bay.2pop, outl.bay.8sites, outl.snpstats.2pop, outl.snpstats.8sites, 
INFO [2021-02-02 08:05:00]     outl.pcadapt)
INFO [2021-02-02 08:05:00] 
INFO [2021-02-02 08:05:00] $category.names
INFO [2021-02-02 08:05:00] c("Bayescan2pop", "Bayescan8sites", "SnpStat2pop", "SnpStat8sites", 
INFO [2021-02-02 08:05:00]     "PCAdapt")
INFO [2021-02-02 08:05:00] 
INFO [2021-02-02 08:05:00] $filename
INFO [2021-02-02 08:05:00] [1] "../results/figures/venn.outl.bay.snpstat.pcadapt.2pop.8sites"
INFO [2021-02-02 08:05:00] 
INFO [2021-02-02 08:05:00] $output
INFO [2021-02-02 08:05:00] [1] TRUE
INFO [2021-02-02 08:05:00] 
INFO [2021-02-02 08:05:00] $imagetype
INFO [2021-02-02 08:05:00] [1] "png"
INFO [2021-02-02 08:05:00] 
INFO [2021-02-02 08:05:00] $resolution
INFO [2021-02-02 08:05:00] [1] 600
INFO [2021-02-02 08:05:00] 
INFO [2021-02-02 08:05:00] $compression
INFO [2021-02-02 08:05:00] [1] "lzw"
INFO [2021-02-02 08:05:00] 
INFO [2021-02-02 08:05:00] $lwd
INFO [2021-02-02 08:05:00] [1] 1
INFO [2021-02-02 08:05:00] 
INFO [2021-02-02 08:05:00] $lty
INFO [2021-02-02 08:05:00] [1] "blank"
INFO [2021-02-02 08:05:00] 
INFO [2021-02-02 08:05:00] $fill
INFO [2021-02-02 08:05:00] c("blue", "red", "yellow", "green", "pink")
INFO [2021-02-02 08:05:00] 
INFO [2021-02-02 08:05:00] $cex
INFO [2021-02-02 08:05:00] [1] 1
INFO [2021-02-02 08:05:00] 
INFO [2021-02-02 08:05:00] $fontfamily
INFO [2021-02-02 08:05:00] [1] "times"
INFO [2021-02-02 08:05:00] 
INFO [2021-02-02 08:05:00] $cat.cex
INFO [2021-02-02 08:05:00] [1] 0.8
INFO [2021-02-02 08:05:00] 
INFO [2021-02-02 08:05:00] $cat.default.pos
INFO [2021-02-02 08:05:00] [1] "outer"
INFO [2021-02-02 08:05:00] 
INFO [2021-02-02 08:05:00] $cat.fontfamily
INFO [2021-02-02 08:05:00] [1] "times"
INFO [2021-02-02 08:05:00] 
