INFO [2021-02-02 07:52:52] $x
INFO [2021-02-02 07:52:52] list(outl.bay.8sites, outl.snpstats.8sites, outl.pcadapt)
INFO [2021-02-02 07:52:52] 
INFO [2021-02-02 07:52:52] $category.names
INFO [2021-02-02 07:52:52] c("Bayescan", "SnpStat", "PCAdapt")
INFO [2021-02-02 07:52:52] 
INFO [2021-02-02 07:52:52] $filename
INFO [2021-02-02 07:52:52] [1] "../results/figures/venn.outl.bay.snpstat.pcadapt.8sites"
INFO [2021-02-02 07:52:52] 
INFO [2021-02-02 07:52:52] $output
INFO [2021-02-02 07:52:52] [1] TRUE
INFO [2021-02-02 07:52:52] 
INFO [2021-02-02 07:52:52] $imagetype
INFO [2021-02-02 07:52:52] [1] "png"
INFO [2021-02-02 07:52:52] 
INFO [2021-02-02 07:52:52] $resolution
INFO [2021-02-02 07:52:52] [1] 600
INFO [2021-02-02 07:52:52] 
INFO [2021-02-02 07:52:52] $compression
INFO [2021-02-02 07:52:52] [1] "lzw"
INFO [2021-02-02 07:52:52] 
INFO [2021-02-02 07:52:52] $lwd
INFO [2021-02-02 07:52:52] [1] 1
INFO [2021-02-02 07:52:52] 
INFO [2021-02-02 07:52:52] $lty
INFO [2021-02-02 07:52:52] [1] "blank"
INFO [2021-02-02 07:52:52] 
INFO [2021-02-02 07:52:52] $fill
INFO [2021-02-02 07:52:52] c("blue", "red", "yellow")
INFO [2021-02-02 07:52:52] 
INFO [2021-02-02 07:52:52] $cex
INFO [2021-02-02 07:52:52] [1] 1.25
INFO [2021-02-02 07:52:52] 
INFO [2021-02-02 07:52:52] $fontfamily
INFO [2021-02-02 07:52:52] [1] "times"
INFO [2021-02-02 07:52:52] 
INFO [2021-02-02 07:52:52] $cat.cex
INFO [2021-02-02 07:52:52] [1] 0.8
INFO [2021-02-02 07:52:52] 
INFO [2021-02-02 07:52:52] $cat.default.pos
INFO [2021-02-02 07:52:52] [1] "outer"
INFO [2021-02-02 07:52:52] 
INFO [2021-02-02 07:52:52] $cat.fontfamily
INFO [2021-02-02 07:52:52] [1] "times"
INFO [2021-02-02 07:52:52] 
