INFO [2021-02-02 08:02:09] $x
INFO [2021-02-02 08:02:09] list(outl.bay.2pop, outl.bay.8sites, outl.snpstats.2pop, outl.snpstats.8sites, 
INFO [2021-02-02 08:02:09]     outl.pcadapt)
INFO [2021-02-02 08:02:09] 
INFO [2021-02-02 08:02:09] $category.names
INFO [2021-02-02 08:02:09] c("Bayescan2pop", "Bayescan8sites", "SnpStat2pop", "SnpStat8sites", 
INFO [2021-02-02 08:02:09]     "PCAdapt")
INFO [2021-02-02 08:02:09] 
INFO [2021-02-02 08:02:09] $filename
INFO [2021-02-02 08:02:09] [1] "../results/figures/venn.outl.bay.snpstat.pcadapt.2pop.8sites"
INFO [2021-02-02 08:02:09] 
INFO [2021-02-02 08:02:09] $output
INFO [2021-02-02 08:02:09] [1] TRUE
INFO [2021-02-02 08:02:09] 
INFO [2021-02-02 08:02:09] $imagetype
INFO [2021-02-02 08:02:09] [1] "png"
INFO [2021-02-02 08:02:09] 
INFO [2021-02-02 08:02:09] $resolution
INFO [2021-02-02 08:02:09] [1] 600
INFO [2021-02-02 08:02:09] 
INFO [2021-02-02 08:02:09] $compression
INFO [2021-02-02 08:02:09] [1] "lzw"
INFO [2021-02-02 08:02:09] 
INFO [2021-02-02 08:02:09] $lwd
INFO [2021-02-02 08:02:09] [1] 1
INFO [2021-02-02 08:02:09] 
INFO [2021-02-02 08:02:09] $lty
INFO [2021-02-02 08:02:09] [1] "blank"
INFO [2021-02-02 08:02:09] 
INFO [2021-02-02 08:02:09] $fill
INFO [2021-02-02 08:02:09] c("blue", "red", "yellow", "green", "pink")
INFO [2021-02-02 08:02:09] 
INFO [2021-02-02 08:02:09] $cex
INFO [2021-02-02 08:02:09] [1] 1
INFO [2021-02-02 08:02:09] 
INFO [2021-02-02 08:02:09] $fontfamily
INFO [2021-02-02 08:02:09] [1] "times"
INFO [2021-02-02 08:02:09] 
INFO [2021-02-02 08:02:09] $cat.cex
INFO [2021-02-02 08:02:09] [1] 0.8
INFO [2021-02-02 08:02:09] 
INFO [2021-02-02 08:02:09] $cat.default.pos
INFO [2021-02-02 08:02:09] [1] "outer"
INFO [2021-02-02 08:02:09] 
INFO [2021-02-02 08:02:09] $cat.fontfamily
INFO [2021-02-02 08:02:09] [1] "times"
INFO [2021-02-02 08:02:09] 
