INFO [2021-02-02 07:07:17] [[1]]
INFO [2021-02-02 07:07:17] list(outl.pcadapt, outl.bay.2pop)
INFO [2021-02-02 07:07:17] 
INFO [2021-02-02 07:07:17] $category.names
INFO [2021-02-02 07:07:17] c("BayeScan", "PCAdapt")
INFO [2021-02-02 07:07:17] 
INFO [2021-02-02 07:07:17] $filename
INFO [2021-02-02 07:07:17] [1] "../results/figures/venn.outl.bay.pcadapt_2pop"
INFO [2021-02-02 07:07:17] 
INFO [2021-02-02 07:07:17] $output
INFO [2021-02-02 07:07:17] [1] TRUE
INFO [2021-02-02 07:07:17] 
INFO [2021-02-02 07:07:17] $imagetype
INFO [2021-02-02 07:07:17] [1] "png"
INFO [2021-02-02 07:07:17] 
INFO [2021-02-02 07:07:17] $resolution
INFO [2021-02-02 07:07:17] [1] 600
INFO [2021-02-02 07:07:17] 
INFO [2021-02-02 07:07:17] $compression
INFO [2021-02-02 07:07:17] [1] "lzw"
INFO [2021-02-02 07:07:17] 
INFO [2021-02-02 07:07:17] $lwd
INFO [2021-02-02 07:07:17] [1] 1
INFO [2021-02-02 07:07:17] 
INFO [2021-02-02 07:07:17] $lty
INFO [2021-02-02 07:07:17] [1] "blank"
INFO [2021-02-02 07:07:17] 
INFO [2021-02-02 07:07:17] $fill
INFO [2021-02-02 07:07:17] c("#5BACED", "#F5AC2E")
INFO [2021-02-02 07:07:17] 
INFO [2021-02-02 07:07:17] $cex
INFO [2021-02-02 07:07:17] [1] 1.25
INFO [2021-02-02 07:07:17] 
INFO [2021-02-02 07:07:17] $fontfamily
INFO [2021-02-02 07:07:17] [1] "times"
INFO [2021-02-02 07:07:17] 
INFO [2021-02-02 07:07:17] $cat.cex
INFO [2021-02-02 07:07:17] [1] 0.8
INFO [2021-02-02 07:07:17] 
INFO [2021-02-02 07:07:17] $cat.default.pos
INFO [2021-02-02 07:07:17] [1] "outer"
INFO [2021-02-02 07:07:17] 
INFO [2021-02-02 07:07:17] $cat.pos
INFO [2021-02-02 07:07:17] c(-15, 15)
INFO [2021-02-02 07:07:17] 
INFO [2021-02-02 07:07:17] $cat.fontfamily
INFO [2021-02-02 07:07:17] [1] "times"
INFO [2021-02-02 07:07:17] 
