INFO [2021-02-02 07:09:49] [[1]]
INFO [2021-02-02 07:09:49] list(outl.snpstats.2pop, outl.snpstats.8sites)
INFO [2021-02-02 07:09:49] 
INFO [2021-02-02 07:09:49] $category.names
INFO [2021-02-02 07:09:49] c("2pop", "8sites")
INFO [2021-02-02 07:09:49] 
INFO [2021-02-02 07:09:49] $filename
INFO [2021-02-02 07:09:49] [1] "../results/figures/venn.outl.snpstats"
INFO [2021-02-02 07:09:49] 
INFO [2021-02-02 07:09:49] $output
INFO [2021-02-02 07:09:49] [1] TRUE
INFO [2021-02-02 07:09:49] 
INFO [2021-02-02 07:09:49] $imagetype
INFO [2021-02-02 07:09:49] [1] "png"
INFO [2021-02-02 07:09:49] 
INFO [2021-02-02 07:09:49] $resolution
INFO [2021-02-02 07:09:49] [1] 600
INFO [2021-02-02 07:09:49] 
INFO [2021-02-02 07:09:49] $compression
INFO [2021-02-02 07:09:49] [1] "lzw"
INFO [2021-02-02 07:09:49] 
INFO [2021-02-02 07:09:49] $lwd
INFO [2021-02-02 07:09:49] [1] 1
INFO [2021-02-02 07:09:49] 
INFO [2021-02-02 07:09:49] $lty
INFO [2021-02-02 07:09:49] [1] "blank"
INFO [2021-02-02 07:09:49] 
INFO [2021-02-02 07:09:49] $fill
INFO [2021-02-02 07:09:49] c("#5BACED", "#F5AC2E")
INFO [2021-02-02 07:09:49] 
INFO [2021-02-02 07:09:49] $cex
INFO [2021-02-02 07:09:49] [1] 1.25
INFO [2021-02-02 07:09:49] 
INFO [2021-02-02 07:09:49] $fontfamily
INFO [2021-02-02 07:09:49] [1] "times"
INFO [2021-02-02 07:09:49] 
INFO [2021-02-02 07:09:49] $cat.cex
INFO [2021-02-02 07:09:49] [1] 0.8
INFO [2021-02-02 07:09:49] 
INFO [2021-02-02 07:09:49] $cat.default.pos
INFO [2021-02-02 07:09:49] [1] "outer"
INFO [2021-02-02 07:09:49] 
INFO [2021-02-02 07:09:49] $cat.pos
INFO [2021-02-02 07:09:49] c(-15, 15)
INFO [2021-02-02 07:09:49] 
INFO [2021-02-02 07:09:49] $cat.fontfamily
INFO [2021-02-02 07:09:49] [1] "times"
INFO [2021-02-02 07:09:49] 
