INFO [2021-02-02 07:52:16] $x
INFO [2021-02-02 07:52:16] list(outl.bay.8sites, outl.snpstats.8sites, outl.pcadapt)
INFO [2021-02-02 07:52:16] 
INFO [2021-02-02 07:52:16] $category.names
INFO [2021-02-02 07:52:16] c("Bayescan", "SnpStat", "PCAdapt")
INFO [2021-02-02 07:52:16] 
INFO [2021-02-02 07:52:16] $filename
INFO [2021-02-02 07:52:16] [1] "../results/figures/venn.outl.bay.snpstat.pcadapt.8sites"
INFO [2021-02-02 07:52:16] 
INFO [2021-02-02 07:52:16] $output
INFO [2021-02-02 07:52:16] [1] TRUE
INFO [2021-02-02 07:52:16] 
INFO [2021-02-02 07:52:16] $imagetype
INFO [2021-02-02 07:52:16] [1] "png"
INFO [2021-02-02 07:52:16] 
INFO [2021-02-02 07:52:16] $resolution
INFO [2021-02-02 07:52:16] [1] 600
INFO [2021-02-02 07:52:16] 
INFO [2021-02-02 07:52:16] $compression
INFO [2021-02-02 07:52:16] [1] "lzw"
INFO [2021-02-02 07:52:16] 
INFO [2021-02-02 07:52:16] $lwd
INFO [2021-02-02 07:52:16] [1] 1
INFO [2021-02-02 07:52:16] 
INFO [2021-02-02 07:52:16] $lty
INFO [2021-02-02 07:52:16] [1] "blank"
INFO [2021-02-02 07:52:16] 
INFO [2021-02-02 07:52:16] $fill
INFO [2021-02-02 07:52:16] c("red", "blue", "yellow")
INFO [2021-02-02 07:52:16] 
INFO [2021-02-02 07:52:16] $cex
INFO [2021-02-02 07:52:16] [1] 1.25
INFO [2021-02-02 07:52:16] 
INFO [2021-02-02 07:52:16] $fontfamily
INFO [2021-02-02 07:52:16] [1] "times"
INFO [2021-02-02 07:52:16] 
INFO [2021-02-02 07:52:16] $cat.cex
INFO [2021-02-02 07:52:16] [1] 0.8
INFO [2021-02-02 07:52:16] 
INFO [2021-02-02 07:52:16] $cat.default.pos
INFO [2021-02-02 07:52:16] [1] "outer"
INFO [2021-02-02 07:52:16] 
INFO [2021-02-02 07:52:16] $cat.fontfamily
INFO [2021-02-02 07:52:16] [1] "times"
INFO [2021-02-02 07:52:16] 
