INFO [2021-02-02 07:31:01] [[1]]
INFO [2021-02-02 07:31:01] list(outl.snpstats.8sites, outl.bay.8sites)
INFO [2021-02-02 07:31:01] 
INFO [2021-02-02 07:31:01] $category.names
INFO [2021-02-02 07:31:01] c("SnpStats", "Bayescan")
INFO [2021-02-02 07:31:01] 
INFO [2021-02-02 07:31:01] $filename
INFO [2021-02-02 07:31:01] [1] "../results/figures/venn.outl.snpstats.bay"
INFO [2021-02-02 07:31:01] 
INFO [2021-02-02 07:31:01] $output
INFO [2021-02-02 07:31:01] [1] TRUE
INFO [2021-02-02 07:31:01] 
INFO [2021-02-02 07:31:01] $imagetype
INFO [2021-02-02 07:31:01] [1] "png"
INFO [2021-02-02 07:31:01] 
INFO [2021-02-02 07:31:01] $resolution
INFO [2021-02-02 07:31:01] [1] 600
INFO [2021-02-02 07:31:01] 
INFO [2021-02-02 07:31:01] $compression
INFO [2021-02-02 07:31:01] [1] "lzw"
INFO [2021-02-02 07:31:01] 
INFO [2021-02-02 07:31:01] $lwd
INFO [2021-02-02 07:31:01] [1] 1
INFO [2021-02-02 07:31:01] 
INFO [2021-02-02 07:31:01] $lty
INFO [2021-02-02 07:31:01] [1] "blank"
INFO [2021-02-02 07:31:01] 
INFO [2021-02-02 07:31:01] $fill
INFO [2021-02-02 07:31:01] c("#5BACED", "#F5AC2E")
INFO [2021-02-02 07:31:01] 
INFO [2021-02-02 07:31:01] $cex
INFO [2021-02-02 07:31:01] [1] 1.25
INFO [2021-02-02 07:31:01] 
INFO [2021-02-02 07:31:01] $fontfamily
INFO [2021-02-02 07:31:01] [1] "times"
INFO [2021-02-02 07:31:01] 
INFO [2021-02-02 07:31:01] $cat.cex
INFO [2021-02-02 07:31:01] [1] 0.8
INFO [2021-02-02 07:31:01] 
INFO [2021-02-02 07:31:01] $cat.default.pos
INFO [2021-02-02 07:31:01] [1] "outer"
INFO [2021-02-02 07:31:01] 
INFO [2021-02-02 07:31:01] $cat.pos
INFO [2021-02-02 07:31:01] c(-15, 15)
INFO [2021-02-02 07:31:01] 
INFO [2021-02-02 07:31:01] $cat.fontfamily
INFO [2021-02-02 07:31:01] [1] "times"
INFO [2021-02-02 07:31:01] 
