INFO [2021-02-02 07:51:03] $x
INFO [2021-02-02 07:51:03] list(outl.bay.8sites, outl.snpstats.8sites, outl.pcadapt)
INFO [2021-02-02 07:51:03] 
INFO [2021-02-02 07:51:03] $category.names
INFO [2021-02-02 07:51:03] c("Bayescan", "PCAdapt")
INFO [2021-02-02 07:51:03] 
INFO [2021-02-02 07:51:03] $filename
INFO [2021-02-02 07:51:03] [1] "../results/figures/venn.outl.bay.snpstat.pcadapt.8sites"
INFO [2021-02-02 07:51:03] 
INFO [2021-02-02 07:51:03] $output
INFO [2021-02-02 07:51:03] [1] TRUE
INFO [2021-02-02 07:51:03] 
INFO [2021-02-02 07:51:03] $imagetype
INFO [2021-02-02 07:51:03] [1] "png"
INFO [2021-02-02 07:51:03] 
INFO [2021-02-02 07:51:03] $resolution
INFO [2021-02-02 07:51:03] [1] 600
INFO [2021-02-02 07:51:03] 
INFO [2021-02-02 07:51:03] $compression
INFO [2021-02-02 07:51:03] [1] "lzw"
INFO [2021-02-02 07:51:03] 
INFO [2021-02-02 07:51:03] $lwd
INFO [2021-02-02 07:51:03] [1] 1
INFO [2021-02-02 07:51:03] 
INFO [2021-02-02 07:51:03] $lty
INFO [2021-02-02 07:51:03] [1] "blank"
INFO [2021-02-02 07:51:03] 
INFO [2021-02-02 07:51:03] $fill
INFO [2021-02-02 07:51:03] c("red", "blue", "yellow")
INFO [2021-02-02 07:51:03] 
INFO [2021-02-02 07:51:03] $cex
INFO [2021-02-02 07:51:03] [1] 1.25
INFO [2021-02-02 07:51:03] 
INFO [2021-02-02 07:51:03] $fontfamily
INFO [2021-02-02 07:51:03] [1] "times"
INFO [2021-02-02 07:51:03] 
INFO [2021-02-02 07:51:03] $cat.cex
INFO [2021-02-02 07:51:03] [1] 0.8
INFO [2021-02-02 07:51:03] 
INFO [2021-02-02 07:51:03] $cat.default.pos
INFO [2021-02-02 07:51:03] [1] "outer"
INFO [2021-02-02 07:51:03] 
INFO [2021-02-02 07:51:03] $cat.pos
INFO [2021-02-02 07:51:03] c(-15, 15)
INFO [2021-02-02 07:51:03] 
INFO [2021-02-02 07:51:03] $cat.fontfamily
INFO [2021-02-02 07:51:03] [1] "times"
INFO [2021-02-02 07:51:03] 
ERROR [2021-02-02 07:51:03] Unexpected parameter length for 'category'
