INFO [2021-02-02 08:02:30] $x
INFO [2021-02-02 08:02:30] list(outl.bay.2pop, outl.bay.8sites, outl.snpstats.2pop, outl.snpstats.8sites, 
INFO [2021-02-02 08:02:30]     outl.pcadapt)
INFO [2021-02-02 08:02:30] 
INFO [2021-02-02 08:02:30] $category.names
INFO [2021-02-02 08:02:30] c("Bayescan2pop", "Bayescan8sites", "SnpStat2pop", "SnpStat8sites", 
INFO [2021-02-02 08:02:30]     "PCAdapt")
INFO [2021-02-02 08:02:30] 
INFO [2021-02-02 08:02:30] $filename
INFO [2021-02-02 08:02:30] [1] "../results/figures/venn.outl.bay.snpstat.pcadapt.2pop.8sites"
INFO [2021-02-02 08:02:30] 
INFO [2021-02-02 08:02:30] $output
INFO [2021-02-02 08:02:30] [1] TRUE
INFO [2021-02-02 08:02:30] 
INFO [2021-02-02 08:02:30] $imagetype
INFO [2021-02-02 08:02:30] [1] "png"
INFO [2021-02-02 08:02:30] 
INFO [2021-02-02 08:02:30] $resolution
INFO [2021-02-02 08:02:30] [1] 600
INFO [2021-02-02 08:02:30] 
INFO [2021-02-02 08:02:30] $compression
INFO [2021-02-02 08:02:30] [1] "lzw"
INFO [2021-02-02 08:02:30] 
INFO [2021-02-02 08:02:30] $lwd
INFO [2021-02-02 08:02:30] [1] 1
INFO [2021-02-02 08:02:30] 
INFO [2021-02-02 08:02:30] $lty
INFO [2021-02-02 08:02:30] [1] "blank"
INFO [2021-02-02 08:02:30] 
INFO [2021-02-02 08:02:30] $fill
INFO [2021-02-02 08:02:30] c("blue", "red", "yellow", "green", "pink")
INFO [2021-02-02 08:02:30] 
INFO [2021-02-02 08:02:30] $cex
INFO [2021-02-02 08:02:30] [1] 1
INFO [2021-02-02 08:02:30] 
INFO [2021-02-02 08:02:30] $fontfamily
INFO [2021-02-02 08:02:30] [1] "times"
INFO [2021-02-02 08:02:30] 
INFO [2021-02-02 08:02:30] $cat.cex
INFO [2021-02-02 08:02:30] [1] 0.4
INFO [2021-02-02 08:02:30] 
INFO [2021-02-02 08:02:30] $cat.default.pos
INFO [2021-02-02 08:02:30] [1] "outer"
INFO [2021-02-02 08:02:30] 
INFO [2021-02-02 08:02:30] $cat.fontfamily
INFO [2021-02-02 08:02:30] [1] "times"
INFO [2021-02-02 08:02:30] 
