INFO [2021-02-02 07:46:02] [[1]]
INFO [2021-02-02 07:46:02] list(outl.bay.8sites, outl.pcadapt)
INFO [2021-02-02 07:46:02] 
INFO [2021-02-02 07:46:02] $category.names
INFO [2021-02-02 07:46:02] c("Bayescan", "PCAdapt")
INFO [2021-02-02 07:46:02] 
INFO [2021-02-02 07:46:02] $filename
INFO [2021-02-02 07:46:02] [1] "../results/figures/venn.outl.bay.pcadapt_8sites"
INFO [2021-02-02 07:46:02] 
INFO [2021-02-02 07:46:02] $output
INFO [2021-02-02 07:46:02] [1] TRUE
INFO [2021-02-02 07:46:02] 
INFO [2021-02-02 07:46:02] $imagetype
INFO [2021-02-02 07:46:02] [1] "png"
INFO [2021-02-02 07:46:02] 
INFO [2021-02-02 07:46:02] $resolution
INFO [2021-02-02 07:46:02] [1] 600
INFO [2021-02-02 07:46:02] 
INFO [2021-02-02 07:46:02] $compression
INFO [2021-02-02 07:46:02] [1] "lzw"
INFO [2021-02-02 07:46:02] 
INFO [2021-02-02 07:46:02] $lwd
INFO [2021-02-02 07:46:02] [1] 1
INFO [2021-02-02 07:46:02] 
INFO [2021-02-02 07:46:02] $lty
INFO [2021-02-02 07:46:02] [1] "blank"
INFO [2021-02-02 07:46:02] 
INFO [2021-02-02 07:46:02] $fill
INFO [2021-02-02 07:46:02] c("#5BACED", "#F5AC2E")
INFO [2021-02-02 07:46:02] 
INFO [2021-02-02 07:46:02] $cex
INFO [2021-02-02 07:46:02] [1] 1.25
INFO [2021-02-02 07:46:02] 
INFO [2021-02-02 07:46:02] $fontfamily
INFO [2021-02-02 07:46:02] [1] "times"
INFO [2021-02-02 07:46:02] 
INFO [2021-02-02 07:46:02] $cat.cex
INFO [2021-02-02 07:46:02] [1] 0.8
INFO [2021-02-02 07:46:02] 
INFO [2021-02-02 07:46:02] $cat.default.pos
INFO [2021-02-02 07:46:02] [1] "outer"
INFO [2021-02-02 07:46:02] 
INFO [2021-02-02 07:46:02] $cat.pos
INFO [2021-02-02 07:46:02] c(-15, 15)
INFO [2021-02-02 07:46:02] 
INFO [2021-02-02 07:46:02] $cat.fontfamily
INFO [2021-02-02 07:46:02] [1] "times"
INFO [2021-02-02 07:46:02] 
