INFO [2021-02-02 07:05:34] [[1]]
INFO [2021-02-02 07:05:34] list(outl.bay.2pop, outl.bay.8sites)
INFO [2021-02-02 07:05:34] 
INFO [2021-02-02 07:05:34] $category.names
INFO [2021-02-02 07:05:34] c("BayeScan", "PCAdapt")
INFO [2021-02-02 07:05:34] 
INFO [2021-02-02 07:05:34] $filename
INFO [2021-02-02 07:05:34] [1] "../results/figures/venn.outl.bay.pcadapt.jpg"
INFO [2021-02-02 07:05:34] 
INFO [2021-02-02 07:05:34] $output
INFO [2021-02-02 07:05:34] [1] TRUE
INFO [2021-02-02 07:05:34] 
INFO [2021-02-02 07:05:34] $imagetype
INFO [2021-02-02 07:05:34] [1] "png"
INFO [2021-02-02 07:05:34] 
INFO [2021-02-02 07:05:34] $resolution
INFO [2021-02-02 07:05:34] [1] 600
INFO [2021-02-02 07:05:34] 
INFO [2021-02-02 07:05:34] $compression
INFO [2021-02-02 07:05:34] [1] "lzw"
INFO [2021-02-02 07:05:34] 
INFO [2021-02-02 07:05:34] $lwd
INFO [2021-02-02 07:05:34] [1] 1
INFO [2021-02-02 07:05:34] 
INFO [2021-02-02 07:05:34] $lty
INFO [2021-02-02 07:05:34] [1] "blank"
INFO [2021-02-02 07:05:34] 
INFO [2021-02-02 07:05:34] $fill
INFO [2021-02-02 07:05:34] c("#5BACED", "#F5AC2E")
INFO [2021-02-02 07:05:34] 
INFO [2021-02-02 07:05:34] $cex
INFO [2021-02-02 07:05:34] [1] 1.25
INFO [2021-02-02 07:05:34] 
INFO [2021-02-02 07:05:34] $fontfamily
INFO [2021-02-02 07:05:34] [1] "times"
INFO [2021-02-02 07:05:34] 
INFO [2021-02-02 07:05:34] $cat.cex
INFO [2021-02-02 07:05:34] [1] 0.8
INFO [2021-02-02 07:05:34] 
INFO [2021-02-02 07:05:34] $cat.default.pos
INFO [2021-02-02 07:05:34] [1] "outer"
INFO [2021-02-02 07:05:34] 
INFO [2021-02-02 07:05:34] $cat.pos
INFO [2021-02-02 07:05:34] c(-15, 15)
INFO [2021-02-02 07:05:34] 
INFO [2021-02-02 07:05:34] $cat.fontfamily
INFO [2021-02-02 07:05:34] [1] "times"
INFO [2021-02-02 07:05:34] 
