INFO [2021-02-02 07:08:08] [[1]]
INFO [2021-02-02 07:08:08] list(outl.snpstats.2pop, outl.bay.2pop)
INFO [2021-02-02 07:08:08] 
INFO [2021-02-02 07:08:08] $category.names
INFO [2021-02-02 07:08:08] c("BayeScan", "PCAdapt")
INFO [2021-02-02 07:08:08] 
INFO [2021-02-02 07:08:08] $filename
INFO [2021-02-02 07:08:08] [1] "../results/figures/venn.outl.snpstats.bay.2pop"
INFO [2021-02-02 07:08:08] 
INFO [2021-02-02 07:08:08] $output
INFO [2021-02-02 07:08:08] [1] TRUE
INFO [2021-02-02 07:08:08] 
INFO [2021-02-02 07:08:08] $imagetype
INFO [2021-02-02 07:08:08] [1] "png"
INFO [2021-02-02 07:08:08] 
INFO [2021-02-02 07:08:08] $resolution
INFO [2021-02-02 07:08:08] [1] 600
INFO [2021-02-02 07:08:08] 
INFO [2021-02-02 07:08:08] $compression
INFO [2021-02-02 07:08:08] [1] "lzw"
INFO [2021-02-02 07:08:08] 
INFO [2021-02-02 07:08:08] $lwd
INFO [2021-02-02 07:08:08] [1] 1
INFO [2021-02-02 07:08:08] 
INFO [2021-02-02 07:08:08] $lty
INFO [2021-02-02 07:08:08] [1] "blank"
INFO [2021-02-02 07:08:08] 
INFO [2021-02-02 07:08:08] $fill
INFO [2021-02-02 07:08:08] c("#5BACED", "#F5AC2E")
INFO [2021-02-02 07:08:08] 
INFO [2021-02-02 07:08:08] $cex
INFO [2021-02-02 07:08:08] [1] 1.25
INFO [2021-02-02 07:08:08] 
INFO [2021-02-02 07:08:08] $fontfamily
INFO [2021-02-02 07:08:08] [1] "times"
INFO [2021-02-02 07:08:08] 
INFO [2021-02-02 07:08:08] $cat.cex
INFO [2021-02-02 07:08:08] [1] 0.8
INFO [2021-02-02 07:08:08] 
INFO [2021-02-02 07:08:08] $cat.default.pos
INFO [2021-02-02 07:08:08] [1] "outer"
INFO [2021-02-02 07:08:08] 
INFO [2021-02-02 07:08:08] $cat.pos
INFO [2021-02-02 07:08:08] c(-15, 15)
INFO [2021-02-02 07:08:08] 
INFO [2021-02-02 07:08:08] $cat.fontfamily
INFO [2021-02-02 07:08:08] [1] "times"
INFO [2021-02-02 07:08:08] 
