INFO [2021-02-02 07:30:26] [[1]]
INFO [2021-02-02 07:30:26] list(outl.snpstats.8sites, outl.bay.8sites)
INFO [2021-02-02 07:30:26] 
INFO [2021-02-02 07:30:26] $category.names
INFO [2021-02-02 07:30:26] c("2pop", "8sites")
INFO [2021-02-02 07:30:26] 
INFO [2021-02-02 07:30:26] $filename
INFO [2021-02-02 07:30:26] [1] "../results/figures/venn.outl.snpstats"
INFO [2021-02-02 07:30:26] 
INFO [2021-02-02 07:30:26] $output
INFO [2021-02-02 07:30:26] [1] TRUE
INFO [2021-02-02 07:30:26] 
INFO [2021-02-02 07:30:26] $imagetype
INFO [2021-02-02 07:30:26] [1] "png"
INFO [2021-02-02 07:30:26] 
INFO [2021-02-02 07:30:26] $resolution
INFO [2021-02-02 07:30:26] [1] 600
INFO [2021-02-02 07:30:26] 
INFO [2021-02-02 07:30:26] $compression
INFO [2021-02-02 07:30:26] [1] "lzw"
INFO [2021-02-02 07:30:26] 
INFO [2021-02-02 07:30:26] $lwd
INFO [2021-02-02 07:30:26] [1] 1
INFO [2021-02-02 07:30:26] 
INFO [2021-02-02 07:30:26] $lty
INFO [2021-02-02 07:30:26] [1] "blank"
INFO [2021-02-02 07:30:26] 
INFO [2021-02-02 07:30:26] $fill
INFO [2021-02-02 07:30:26] c("#5BACED", "#F5AC2E")
INFO [2021-02-02 07:30:26] 
INFO [2021-02-02 07:30:26] $cex
INFO [2021-02-02 07:30:26] [1] 1.25
INFO [2021-02-02 07:30:26] 
INFO [2021-02-02 07:30:26] $fontfamily
INFO [2021-02-02 07:30:26] [1] "times"
INFO [2021-02-02 07:30:26] 
INFO [2021-02-02 07:30:26] $cat.cex
INFO [2021-02-02 07:30:26] [1] 0.8
INFO [2021-02-02 07:30:26] 
INFO [2021-02-02 07:30:26] $cat.default.pos
INFO [2021-02-02 07:30:26] [1] "outer"
INFO [2021-02-02 07:30:26] 
INFO [2021-02-02 07:30:26] $cat.pos
INFO [2021-02-02 07:30:26] c(-15, 15)
INFO [2021-02-02 07:30:26] 
INFO [2021-02-02 07:30:26] $cat.fontfamily
INFO [2021-02-02 07:30:26] [1] "times"
INFO [2021-02-02 07:30:26] 
