INFO [2021-02-02 07:57:22] $x
INFO [2021-02-02 07:57:22] list(outl.bay.2pop, outl.bay.8sites, outl.snpstats.2pop, outl.pcadapt)
INFO [2021-02-02 07:57:22] 
INFO [2021-02-02 07:57:22] $category.names
INFO [2021-02-02 07:57:22] c("Bayescan2pop", "Bayescan8sites", "SnpStat", "PCAdapt")
INFO [2021-02-02 07:57:22] 
INFO [2021-02-02 07:57:22] $filename
INFO [2021-02-02 07:57:22] [1] "../results/figures/venn.outl.bay.snpstat.pcadapt.2pop.8sites"
INFO [2021-02-02 07:57:22] 
INFO [2021-02-02 07:57:22] $output
INFO [2021-02-02 07:57:22] [1] TRUE
INFO [2021-02-02 07:57:22] 
INFO [2021-02-02 07:57:22] $imagetype
INFO [2021-02-02 07:57:22] [1] "png"
INFO [2021-02-02 07:57:22] 
INFO [2021-02-02 07:57:22] $resolution
INFO [2021-02-02 07:57:22] [1] 600
INFO [2021-02-02 07:57:22] 
INFO [2021-02-02 07:57:22] $compression
INFO [2021-02-02 07:57:22] [1] "lzw"
INFO [2021-02-02 07:57:22] 
INFO [2021-02-02 07:57:22] $lwd
INFO [2021-02-02 07:57:22] [1] 1
INFO [2021-02-02 07:57:22] 
INFO [2021-02-02 07:57:22] $lty
INFO [2021-02-02 07:57:22] [1] "blank"
INFO [2021-02-02 07:57:22] 
INFO [2021-02-02 07:57:22] $fill
INFO [2021-02-02 07:57:22] c("blue", "red", "yellow", "green")
INFO [2021-02-02 07:57:22] 
INFO [2021-02-02 07:57:22] $cex
INFO [2021-02-02 07:57:22] [1] 1.25
INFO [2021-02-02 07:57:22] 
INFO [2021-02-02 07:57:22] $fontfamily
INFO [2021-02-02 07:57:22] [1] "times"
INFO [2021-02-02 07:57:22] 
INFO [2021-02-02 07:57:22] $cat.cex
INFO [2021-02-02 07:57:22] [1] 0.8
INFO [2021-02-02 07:57:22] 
INFO [2021-02-02 07:57:22] $cat.default.pos
INFO [2021-02-02 07:57:22] [1] "outer"
INFO [2021-02-02 07:57:22] 
INFO [2021-02-02 07:57:22] $cat.fontfamily
INFO [2021-02-02 07:57:22] [1] "times"
INFO [2021-02-02 07:57:22] 
