INFO [2021-02-02 07:04:42] [[1]]
INFO [2021-02-02 07:04:42] list(outl.bay.2pop, outl.bay.8sites)
INFO [2021-02-02 07:04:42] 
INFO [2021-02-02 07:04:42] $category.names
INFO [2021-02-02 07:04:42] c("BayeScan", "PCAdapt")
INFO [2021-02-02 07:04:42] 
INFO [2021-02-02 07:04:42] $filename
INFO [2021-02-02 07:04:42] [1] "../results/figures/venn.outl.bay"
INFO [2021-02-02 07:04:42] 
INFO [2021-02-02 07:04:42] $output
INFO [2021-02-02 07:04:42] [1] TRUE
INFO [2021-02-02 07:04:42] 
INFO [2021-02-02 07:04:42] $imagetype
INFO [2021-02-02 07:04:42] [1] "png"
INFO [2021-02-02 07:04:42] 
INFO [2021-02-02 07:04:42] $resolution
INFO [2021-02-02 07:04:42] [1] 600
INFO [2021-02-02 07:04:42] 
INFO [2021-02-02 07:04:42] $compression
INFO [2021-02-02 07:04:42] [1] "lzw"
INFO [2021-02-02 07:04:42] 
INFO [2021-02-02 07:04:42] $lwd
INFO [2021-02-02 07:04:42] [1] 1
INFO [2021-02-02 07:04:42] 
INFO [2021-02-02 07:04:42] $lty
INFO [2021-02-02 07:04:42] [1] "blank"
INFO [2021-02-02 07:04:42] 
INFO [2021-02-02 07:04:42] $fill
INFO [2021-02-02 07:04:42] c("#5BACED", "#F5AC2E")
INFO [2021-02-02 07:04:42] 
INFO [2021-02-02 07:04:42] $cex
INFO [2021-02-02 07:04:42] [1] 1.25
INFO [2021-02-02 07:04:42] 
INFO [2021-02-02 07:04:42] $fontfamily
INFO [2021-02-02 07:04:42] [1] "times"
INFO [2021-02-02 07:04:42] 
INFO [2021-02-02 07:04:42] $cat.cex
INFO [2021-02-02 07:04:42] [1] 0.8
INFO [2021-02-02 07:04:42] 
INFO [2021-02-02 07:04:42] $cat.default.pos
INFO [2021-02-02 07:04:42] [1] "outer"
INFO [2021-02-02 07:04:42] 
INFO [2021-02-02 07:04:42] $cat.pos
INFO [2021-02-02 07:04:42] c(-15, 15)
INFO [2021-02-02 07:04:42] 
INFO [2021-02-02 07:04:42] $cat.fontfamily
INFO [2021-02-02 07:04:42] [1] "times"
INFO [2021-02-02 07:04:42] 
