INFO [2021-02-02 08:01:06] $x
INFO [2021-02-02 08:01:06] list(outl.bay.2pop, outl.bay.8sites, outl.snpstats.2pop, outl.snpstats.8sites, 
INFO [2021-02-02 08:01:06]     outl.pcadapt)
INFO [2021-02-02 08:01:06] 
INFO [2021-02-02 08:01:06] $category.names
INFO [2021-02-02 08:01:06] c("Bayescan2pop", "Bayescan8sites", "SnpStat2pop", "SnpStat8sites", 
INFO [2021-02-02 08:01:06]     "PCAdapt")
INFO [2021-02-02 08:01:06] 
INFO [2021-02-02 08:01:06] $filename
INFO [2021-02-02 08:01:06] [1] "../results/figures/venn.outl.bay.snpstat.pcadapt.2pop.8sites"
INFO [2021-02-02 08:01:06] 
INFO [2021-02-02 08:01:06] $output
INFO [2021-02-02 08:01:06] [1] TRUE
INFO [2021-02-02 08:01:06] 
INFO [2021-02-02 08:01:06] $imagetype
INFO [2021-02-02 08:01:06] [1] "png"
INFO [2021-02-02 08:01:06] 
INFO [2021-02-02 08:01:06] $resolution
INFO [2021-02-02 08:01:06] [1] 400
INFO [2021-02-02 08:01:06] 
INFO [2021-02-02 08:01:06] $compression
INFO [2021-02-02 08:01:06] [1] "lzw"
INFO [2021-02-02 08:01:06] 
INFO [2021-02-02 08:01:06] $lwd
INFO [2021-02-02 08:01:06] [1] 1
INFO [2021-02-02 08:01:06] 
INFO [2021-02-02 08:01:06] $lty
INFO [2021-02-02 08:01:06] [1] "blank"
INFO [2021-02-02 08:01:06] 
INFO [2021-02-02 08:01:06] $fill
INFO [2021-02-02 08:01:06] c("blue", "red", "yellow", "green", "pink")
INFO [2021-02-02 08:01:06] 
INFO [2021-02-02 08:01:06] $cex
INFO [2021-02-02 08:01:06] [1] 1.25
INFO [2021-02-02 08:01:06] 
INFO [2021-02-02 08:01:06] $fontfamily
INFO [2021-02-02 08:01:06] [1] "times"
INFO [2021-02-02 08:01:06] 
INFO [2021-02-02 08:01:06] $cat.cex
INFO [2021-02-02 08:01:06] [1] 0.8
INFO [2021-02-02 08:01:06] 
INFO [2021-02-02 08:01:06] $cat.default.pos
INFO [2021-02-02 08:01:06] [1] "outer"
INFO [2021-02-02 08:01:06] 
INFO [2021-02-02 08:01:06] $cat.fontfamily
INFO [2021-02-02 08:01:06] [1] "times"
INFO [2021-02-02 08:01:06] 
